#
# There is insufficient memory for the Java Runtime Environment to continue.
# Native memory allocation (malloc) failed to allocate 1048576 bytes for AllocateHeap
# Possible reasons:
#   The system is out of physical RAM or swap space
#   The process is running with CompressedOops enabled, and the Java Heap may be blocking the growth of the native heap
# Possible solutions:
#   Reduce memory load on the system
#   Increase physical memory or swap space
#   Check if swap backing store is full
#   Decrease Java heap size (-Xmx/-Xms)
#   Decrease number of Java threads
#   Decrease Java thread stack sizes (-Xss)
#   Set larger code cache with -XX:ReservedCodeCacheSize=
#   JVM is running with Unscaled Compressed Oops mode in which the Java heap is
#     placed in the first 4GB address space. The Java Heap base address is the
#     maximum limit for the native heap growth. Please use -XX:HeapBaseMinAddress
#     to set the Java Heap base and to place the Java Heap above 4GB virtual address.
# This output file may be truncated or incomplete.
#
#  Out of Memory Error (memory/allocation.inline.hpp:61), pid=13044, tid=0x0000000000000354
#
# JRE version:  (8.0_211-b12) (build )
# Java VM: Java HotSpot(TM) 64-Bit Server VM (25.211-b12 mixed mode windows-amd64 compressed oops)
# Failed to write core dump. Minidumps are not enabled by default on client versions of Windows
#

---------------  T H R E A D  ---------------

Current thread (0x000000000242e000):  JavaThread "Unknown thread" [_thread_in_vm, id=852, stack(0x0000000002430000,0x0000000002530000)]

Stack: [0x0000000002430000,0x0000000002530000]
[error occurred during error reporting (printing stack bounds), id 0xc0000005]

Native frames: (J=compiled Java code, j=interpreted, Vv=VM code, C=native code)


---------------  P R O C E S S  ---------------

Java Threads: ( => current thread )

Other Threads:

=>0x000000000242e000 (exited) JavaThread "Unknown thread" [_thread_in_vm, id=852, stack(0x0000000002430000,0x0000000002530000)]

VM state:not at safepoint (normal execution)

VM Mutex/Monitor currently owned by a thread: None

heap address: 0x00000000c1600000, size: 1002 MB, Compressed Oops mode: 32-bit
Narrow klass base: 0x0000000000000000, Narrow klass shift: 3
Compressed class space size: 1073741824 Address: 0x0000000100000000

Heap:
 PSYoungGen      total 18944K, used 327K [0x00000000eb200000, 0x00000000ec700000, 0x0000000100000000)
  eden space 16384K, 2% used [0x00000000eb200000,0x00000000eb251ec8,0x00000000ec200000)
  from space 2560K, 0% used [0x00000000ec480000,0x00000000ec480000,0x00000000ec700000)
  to   space 2560K, 0% used [0x00000000ec200000,0x00000000ec200000,0x00000000ec480000)
 ParOldGen       total 44032K, used 0K [0x00000000c1600000, 0x00000000c4100000, 0x00000000eb200000)
  object space 44032K, 0% used [0x00000000c1600000,0x00000000c1600000,0x00000000c4100000)
 Metaspace       used 751K, capacity 4480K, committed 4480K, reserved 1056768K
  class space    used 76K, capacity 384K, committed 384K, reserved 1048576K

Card table byte_map: [0x0000000011a70000,0x0000000011c70000] byte_map_base: 0x0000000011465000

Marking Bits: (ParMarkBitMap*) 0x000000005bac5ce0
 Begin Bits: [0x00000000121c0000, 0x0000000013168000)
 End Bits:   [0x0000000013168000, 0x0000000014110000)

Polling page: 0x00000000023f0000

CodeCache: size=245760Kb used=328Kb max_used=328Kb free=245431Kb
 bounds [0x00000000026b0000, 0x0000000002920000, 0x00000000116b0000]
 total_blobs=58 nmethods=0 adapters=38
 compilation: enabled

Compilation events (0 events):
No events

GC Heap History (0 events):
No events

Deoptimization events (0 events):
No events

Classes redefined (0 events):
No events

Internal exceptions (0 events):
No events

Events (10 events):
Event: 0.093 loading class java/lang/Short
Event: 0.093 loading class java/lang/Short done
Event: 0.093 loading class java/lang/Integer
Event: 0.093 loading class java/lang/Integer done
Event: 0.093 loading class java/lang/Long
Event: 0.094 loading class java/lang/Long done
Event: 0.095 loading class java/lang/NullPointerException
Event: 0.095 loading class java/lang/NullPointerException done
Event: 0.095 loading class java/lang/ArithmeticException
Event: 0.095 loading class java/lang/ArithmeticException done


Dynamic libraries:
0x00007ff7e3cb0000 - 0x00007ff7e3ce7000 	C:\Program Files\Java\jre1.8.0_211\bin\javaw.exe
0x00007ff8083e0000 - 0x00007ff8085c1000 	C:\WINDOWS\SYSTEM32\ntdll.dll
0x00007ff805b20000 - 0x00007ff805bd1000 	C:\WINDOWS\System32\KERNEL32.DLL
0x00007ff8054c0000 - 0x00007ff805733000 	C:\WINDOWS\System32\KERNELBASE.dll
0x00007ff807f80000 - 0x00007ff808021000 	C:\WINDOWS\System32\ADVAPI32.dll
0x00007ff805ec0000 - 0x00007ff805f5e000 	C:\WINDOWS\System32\msvcrt.dll
0x00007ff806470000 - 0x00007ff8064cb000 	C:\WINDOWS\System32\sechost.dll
0x00007ff805870000 - 0x00007ff805994000 	C:\WINDOWS\System32\RPCRT4.dll
0x00007ff808090000 - 0x00007ff808220000 	C:\WINDOWS\System32\USER32.dll
0x00007ff8049d0000 - 0x00007ff8049f0000 	C:\WINDOWS\System32\win32u.dll
0x00007ff807f50000 - 0x00007ff807f78000 	C:\WINDOWS\System32\GDI32.dll
0x00007ff8049f0000 - 0x00007ff804b82000 	C:\WINDOWS\System32\gdi32full.dll
0x00007ff805420000 - 0x00007ff8054bf000 	C:\WINDOWS\System32\msvcp_win.dll
0x00007ff805740000 - 0x00007ff805838000 	C:\WINDOWS\System32\ucrtbase.dll
0x00007ffff38c0000 - 0x00007ffff3b29000 	C:\WINDOWS\WinSxS\amd64_microsoft.windows.common-controls_6595b64144ccf1df_6.0.17134.706_none_fb43a2cb30647007\COMCTL32.dll
0x00007ff8060d0000 - 0x00007ff8063f2000 	C:\WINDOWS\System32\combase.dll
0x00007ff8052a0000 - 0x00007ff80531a000 	C:\WINDOWS\System32\bcryptPrimitives.dll
0x00007ff807ac0000 - 0x00007ff807aed000 	C:\WINDOWS\System32\IMM32.DLL
0x000000005b0e0000 - 0x000000005b1b2000 	C:\Program Files\Java\jre1.8.0_211\bin\msvcr100.dll
0x000000005b2a0000 - 0x000000005bb45000 	C:\Program Files\Java\jre1.8.0_211\bin\server\jvm.dll
0x00007ff807af0000 - 0x00007ff807af8000 	C:\WINDOWS\System32\PSAPI.DLL
0x00007ff801a50000 - 0x00007ff801a73000 	C:\WINDOWS\SYSTEM32\WINMM.dll
0x00007ffff4bd0000 - 0x00007ffff4bda000 	C:\WINDOWS\SYSTEM32\VERSION.dll
0x00007ff801a20000 - 0x00007ff801a4a000 	C:\WINDOWS\SYSTEM32\winmmbase.dll
0x00007ff805320000 - 0x00007ff805369000 	C:\WINDOWS\System32\cfgmgr32.dll
0x00007ff801050000 - 0x00007ff801059000 	C:\WINDOWS\SYSTEM32\WSOCK32.dll
0x00007ff806400000 - 0x00007ff80646c000 	C:\WINDOWS\System32\WS2_32.dll
0x00007ffff7040000 - 0x00007ffff704f000 	C:\Program Files\Java\jre1.8.0_211\bin\verify.dll
0x00007ffff7010000 - 0x00007ffff7039000 	C:\Program Files\Java\jre1.8.0_211\bin\java.dll
0x00007ffff6ff0000 - 0x00007ffff7006000 	C:\Program Files\Java\jre1.8.0_211\bin\zip.dll

VM Arguments:
jvm_args: -Dfile.encoding=UTF-8 
java_command: FRM.ChiTietHDFRM
java_class_path (initial): E:\Java_TH\quanlybanvemaybay\quanlybanvemaybay\bin;E:\Java_TH\quanlybanvemaybay\mysql-connector-java-5.1.47\mysql-connector-java-5.1.47-bin.jar;E:\Java_TH\quanlybanvemaybay\quanlybanvemaybay\libs\AbsoluteLayout-RELEASE110.jar;E:\Java_TH\quanlybanvemaybay\quanlybanvemaybay\libs\commons-beanutils-1.9.0.jar;E:\Java_TH\quanlybanvemaybay\quanlybanvemaybay\libs\commons-collections-3.2.1.jar;E:\Java_TH\quanlybanvemaybay\quanlybanvemaybay\libs\commons-digester-2.1.jar;E:\Java_TH\quanlybanvemaybay\quanlybanvemaybay\libs\commons-logging-1.1.1.jar;E:\Java_TH\quanlybanvemaybay\quanlybanvemaybay\libs\groovy-all-2.0.1.jar;E:\Java_TH\quanlybanvemaybay\quanlybanvemaybay\libs\itextpdf-5.5.0.jar;E:\Java_TH\quanlybanvemaybay\quanlybanvemaybay\libs\itext-pdfa-5.5.0.jar;E:\Java_TH\quanlybanvemaybay\quanlybanvemaybay\libs\jasperreports-6.0.0.jar;E:\Java_TH\quanlybanvemaybay\quanlybanvemaybay\libs\jcalendar-1.4.jar
Launcher Type: SUN_STANDARD

Environment Variables:
PATH=C:/Program Files/Java/jre1.8.0_211/bin/server;C:/Program Files/Java/jre1.8.0_211/bin;C:/Program Files/Java/jre1.8.0_211/lib/amd64;C:\ProgramData\Oracle\Java\javapath;C:\Program Files (x86)\Common Files\Oracle\Java\javapath;C:\WINDOWS\system32;C:\WINDOWS;C:\WINDOWS\System32\Wbem;C:\WINDOWS\System32\WindowsPowerShell\v1.0\;C:\WINDOWS\System32\OpenSSH\;C:\Users\Hoang\AppData\Local\Microsoft\WindowsApps;C:\Program Files\Java\jdk-10.0.2\bin\;;C:\Users\Hoang\AppData\Local\Programs\Microsoft VS Code\bin;C:\Users\Hoang\Desktop;
USERNAME=Hoang
OS=Windows_NT
PROCESSOR_IDENTIFIER=Intel64 Family 6 Model 42 Stepping 7, GenuineIntel



---------------  S Y S T E M  ---------------

OS: Windows 10.0 , 64 bit Build 17134 (10.0.17134.706)

CPU:total 4 (initial active 4) (2 cores per cpu, 2 threads per core) family 6 model 42 stepping 7, cmov, cx8, fxsr, mmx, sse, sse2, sse3, ssse3, sse4.1, sse4.2, popcnt, avx, aes, clmul, ht, tsc, tscinvbit

Memory: 4k page, physical 4102504k(431816k free), swap 8286568k(4196k free)

vm_info: Java HotSpot(TM) 64-Bit Server VM (25.211-b12) for windows-amd64 JRE (1.8.0_211-b12), built on Apr  1 2019 20:53:26 by "java_re" with MS VC++ 10.0 (VS2010)

time: Wed May 08 00:31:50 2019
timezone: SE Asia Standard Time
elapsed time: 0 seconds (0d 0h 0m 0s)

